<?xml version="1.0" encoding="UTF-8"?>
<testsuite name="com.exemple.ThemeParkRideGradleApplicationTests" tests="4" skipped="0" failures="0" errors="0" timestamp="2025-02-17T22:37:03" hostname="raykubuntu" time="0.225">
  <properties/>
  <testcase name="getsAllRides()" classname="com.exemple.ThemeParkRideGradleApplicationTests" time="0.177"/>
  <testcase name="getsSingleRide()" classname="com.exemple.ThemeParkRideGradleApplicationTests" time="0.014"/>
  <testcase name="returnsNotFoundForInvalidSingleRide()" classname="com.exemple.ThemeParkRideGradleApplicationTests" time="0.008"/>
  <testcase name="addsNewRide()" classname="com.exemple.ThemeParkRideGradleApplicationTests" time="0.026"/>
  <system-out><![CDATA[23:37:01.542 [Test worker] DEBUG org.springframework.test.context.BootstrapUtils - Instantiating CacheAwareContextLoaderDelegate from class [org.springframework.test.context.cache.DefaultCacheAwareContextLoaderDelegate]
23:37:01.547 [Test worker] DEBUG org.springframework.test.context.BootstrapUtils - Instantiating BootstrapContext using constructor [public org.springframework.test.context.support.DefaultBootstrapContext(java.lang.Class,org.springframework.test.context.CacheAwareContextLoaderDelegate)]
23:37:01.562 [Test worker] DEBUG org.springframework.test.context.BootstrapUtils - Instantiating TestContextBootstrapper for test class [com.exemple.ThemeParkRideGradleApplicationTests] from class [org.springframework.boot.test.context.SpringBootTestContextBootstrapper]
23:37:01.567 [Test worker] INFO org.springframework.boot.test.context.SpringBootTestContextBootstrapper - Neither @ContextConfiguration nor @ContextHierarchy found for test class [com.exemple.ThemeParkRideGradleApplicationTests], using SpringBootContextLoader
23:37:01.569 [Test worker] DEBUG org.springframework.test.context.support.AbstractContextLoader - Did not detect default resource location for test class [com.exemple.ThemeParkRideGradleApplicationTests]: class path resource [com/exemple/ThemeParkRideGradleApplicationTests-context.xml] does not exist
23:37:01.569 [Test worker] DEBUG org.springframework.test.context.support.AbstractContextLoader - Did not detect default resource location for test class [com.exemple.ThemeParkRideGradleApplicationTests]: class path resource [com/exemple/ThemeParkRideGradleApplicationTestsContext.groovy] does not exist
23:37:01.569 [Test worker] INFO org.springframework.test.context.support.AbstractContextLoader - Could not detect default resource locations for test class [com.exemple.ThemeParkRideGradleApplicationTests]: no resource found for suffixes {-context.xml, Context.groovy}.
23:37:01.570 [Test worker] INFO org.springframework.test.context.support.AnnotationConfigContextLoaderUtils - Could not detect default configuration classes for test class [com.exemple.ThemeParkRideGradleApplicationTests]: ThemeParkRideGradleApplicationTests does not declare any static, non-private, non-final, nested classes annotated with @Configuration.
23:37:01.595 [Test worker] DEBUG org.springframework.test.context.support.ActiveProfilesUtils - Could not find an 'annotation declaring class' for annotation type [org.springframework.test.context.ActiveProfiles] and class [com.exemple.ThemeParkRideGradleApplicationTests]
23:37:01.620 [Test worker] DEBUG org.springframework.context.annotation.ClassPathScanningCandidateComponentProvider - Identified candidate component class: file [/home/nguray/aws-iac/app/build/classes/java/main/com/exemple/ThemeParkRideGradleApplication.class]
23:37:01.621 [Test worker] INFO org.springframework.boot.test.context.SpringBootTestContextBootstrapper - Found @SpringBootConfiguration com.exemple.ThemeParkRideGradleApplication for test class com.exemple.ThemeParkRideGradleApplicationTests
23:37:01.658 [Test worker] DEBUG org.springframework.boot.test.context.SpringBootTestContextBootstrapper - @TestExecutionListeners is not present for class [com.exemple.ThemeParkRideGradleApplicationTests]: using defaults.
23:37:01.658 [Test worker] INFO org.springframework.boot.test.context.SpringBootTestContextBootstrapper - Loaded default TestExecutionListener class names from location [META-INF/spring.factories]: [org.springframework.boot.test.autoconfigure.restdocs.RestDocsTestExecutionListener, org.springframework.boot.test.autoconfigure.web.client.MockRestServiceServerResetTestExecutionListener, org.springframework.boot.test.autoconfigure.web.servlet.MockMvcPrintOnlyOnFailureTestExecutionListener, org.springframework.boot.test.autoconfigure.web.servlet.WebDriverTestExecutionListener, org.springframework.boot.test.autoconfigure.webservices.client.MockWebServiceServerTestExecutionListener, org.springframework.boot.test.mock.mockito.MockitoTestExecutionListener, org.springframework.boot.test.mock.mockito.ResetMocksTestExecutionListener, org.springframework.test.context.web.ServletTestExecutionListener, org.springframework.test.context.support.DirtiesContextBeforeModesTestExecutionListener, org.springframework.test.context.event.ApplicationEventsTestExecutionListener, org.springframework.test.context.support.DependencyInjectionTestExecutionListener, org.springframework.test.context.support.DirtiesContextTestExecutionListener, org.springframework.test.context.transaction.TransactionalTestExecutionListener, org.springframework.test.context.jdbc.SqlScriptsTestExecutionListener, org.springframework.test.context.event.EventPublishingTestExecutionListener]
23:37:01.664 [Test worker] INFO org.springframework.boot.test.context.SpringBootTestContextBootstrapper - Using TestExecutionListeners: [org.springframework.test.context.web.ServletTestExecutionListener@630cb4a4, org.springframework.test.context.support.DirtiesContextBeforeModesTestExecutionListener@636e8cc, org.springframework.test.context.event.ApplicationEventsTestExecutionListener@f79a760, org.springframework.boot.test.mock.mockito.MockitoTestExecutionListener@14f5da2c, org.springframework.boot.test.autoconfigure.SpringBootDependencyInjectionTestExecutionListener@12dae582, org.springframework.test.context.support.DirtiesContextTestExecutionListener@239b0f9d, org.springframework.test.context.transaction.TransactionalTestExecutionListener@619bfe29, org.springframework.test.context.jdbc.SqlScriptsTestExecutionListener@5b057c8c, org.springframework.test.context.event.EventPublishingTestExecutionListener@1eb6749b, org.springframework.boot.test.autoconfigure.restdocs.RestDocsTestExecutionListener@652a7737, org.springframework.boot.test.autoconfigure.web.client.MockRestServiceServerResetTestExecutionListener@5b7ea70d, org.springframework.boot.test.autoconfigure.web.servlet.MockMvcPrintOnlyOnFailureTestExecutionListener@2bef51f2, org.springframework.boot.test.autoconfigure.web.servlet.WebDriverTestExecutionListener@650eab8, org.springframework.boot.test.autoconfigure.webservices.client.MockWebServiceServerTestExecutionListener@30f5a68a, org.springframework.boot.test.mock.mockito.ResetMocksTestExecutionListener@1e1d3956]
23:37:01.666 [Test worker] DEBUG org.springframework.test.context.support.AbstractDirtiesContextTestExecutionListener - Before test class: context [DefaultTestContext@5ad10c1a testClass = ThemeParkRideGradleApplicationTests, testInstance = [null], testMethod = [null], testException = [null], mergedContextConfiguration = [WebMergedContextConfiguration@6bb75258 testClass = ThemeParkRideGradleApplicationTests, locations = '{}', classes = '{class com.exemple.ThemeParkRideGradleApplication}', contextInitializerClasses = '[]', activeProfiles = '{}', propertySourceLocations = '{}', propertySourceProperties = '{org.springframework.boot.test.context.SpringBootTestContextBootstrapper=true}', contextCustomizers = set[org.springframework.boot.test.autoconfigure.actuate.metrics.MetricsExportContextCustomizerFactory$DisableMetricExportContextCustomizer@413f69cc, org.springframework.boot.test.autoconfigure.properties.PropertyMappingContextCustomizer@4b3fa0b3, org.springframework.boot.test.autoconfigure.web.servlet.WebDriverContextCustomizerFactory$Customizer@30c93896, [ImportsContextCustomizer@c260bdc key = [org.springframework.boot.test.autoconfigure.web.servlet.MockMvcAutoConfiguration, org.springframework.boot.test.autoconfigure.web.servlet.MockMvcWebClientAutoConfiguration, org.springframework.boot.test.autoconfigure.web.servlet.MockMvcWebDriverAutoConfiguration, org.springframework.boot.autoconfigure.security.oauth2.client.servlet.OAuth2ClientAutoConfiguration, org.springframework.boot.autoconfigure.security.oauth2.resource.servlet.OAuth2ResourceServerAutoConfiguration, org.springframework.boot.autoconfigure.security.servlet.SecurityAutoConfiguration, org.springframework.boot.autoconfigure.security.servlet.SecurityFilterAutoConfiguration, org.springframework.boot.autoconfigure.security.servlet.UserDetailsServiceAutoConfiguration, org.springframework.boot.test.autoconfigure.web.servlet.MockMvcSecurityConfiguration]], org.springframework.boot.test.context.filter.ExcludeFilterContextCustomizer@7b420819, org.springframework.boot.test.json.DuplicateJsonObjectContextCustomizerFactory$DuplicateJsonObjectContextCustomizer@a3d9978, org.springframework.boot.test.mock.mockito.MockitoContextCustomizer@0, org.springframework.boot.test.web.client.TestRestTemplateContextCustomizer@58326051, org.springframework.boot.test.context.SpringBootTestArgs@1, org.springframework.boot.test.context.SpringBootTestWebEnvironment@424e1977], resourceBasePath = 'src/main/webapp', contextLoader = 'org.springframework.boot.test.context.SpringBootContextLoader', parent = [null]], attributes = map['org.springframework.test.context.web.ServletTestExecutionListener.activateListener' -> true]], class annotated with @DirtiesContext [false] with mode [null].
23:37:01.688 [Test worker] DEBUG org.springframework.boot.ApplicationServletEnvironment - Activating profiles []
23:37:01.688 [Test worker] DEBUG org.springframework.test.context.support.TestPropertySourceUtils - Adding inlined properties to environment: {spring.jmx.enabled=false, org.springframework.boot.test.context.SpringBootTestContextBootstrapper=true}

  .   ____          _            __ _ _
 /\\ / ___'_ __ _ _(_)_ __  __ _ \ \ \ \
( ( )\___ | '_ | '_| | '_ \/ _` | \ \ \ \
 \\/  ___)| |_)| | | | | || (_| |  ) ) ) )
  '  |____| .__|_| |_|_| |_\__, | / / / /
 =========|_|==============|___/=/_/_/_/
 :: Spring Boot ::                (v2.5.8)

2025-02-17 23:37:01.834  INFO 69580 --- [    Test worker] c.e.ThemeParkRideGradleApplicationTests  : Starting ThemeParkRideGradleApplicationTests using Java 17.0.14 on raykubuntu with PID 69580 (started by nguray in /home/nguray/aws-iac/app)
2025-02-17 23:37:01.834  INFO 69580 --- [    Test worker] c.e.ThemeParkRideGradleApplicationTests  : No active profile set, falling back to default profiles: default
2025-02-17 23:37:02.234  INFO 69580 --- [    Test worker] .s.d.r.c.RepositoryConfigurationDelegate : Bootstrapping Spring Data JPA repositories in DEFAULT mode.
2025-02-17 23:37:02.254  INFO 69580 --- [    Test worker] .s.d.r.c.RepositoryConfigurationDelegate : Finished Spring Data repository scanning in 17 ms. Found 1 JPA repository interfaces.
2025-02-17 23:37:02.492  INFO 69580 --- [    Test worker] com.zaxxer.hikari.HikariDataSource       : HikariPool-1 - Starting...
2025-02-17 23:37:02.573  INFO 69580 --- [    Test worker] com.zaxxer.hikari.HikariDataSource       : HikariPool-1 - Start completed.
2025-02-17 23:37:02.603  INFO 69580 --- [    Test worker] o.hibernate.jpa.internal.util.LogHelper  : HHH000204: Processing PersistenceUnitInfo [name: default]
2025-02-17 23:37:02.624  INFO 69580 --- [    Test worker] org.hibernate.Version                    : HHH000412: Hibernate ORM core version 5.4.33
2025-02-17 23:37:02.685  INFO 69580 --- [    Test worker] o.hibernate.annotations.common.Version   : HCANN000001: Hibernate Commons Annotations {5.1.2.Final}
2025-02-17 23:37:02.737  INFO 69580 --- [    Test worker] org.hibernate.dialect.Dialect            : HHH000400: Using dialect: org.hibernate.dialect.H2Dialect
2025-02-17 23:37:03.020  INFO 69580 --- [    Test worker] o.h.e.t.j.p.i.JtaPlatformInitiator       : HHH000490: Using JtaPlatform implementation: [org.hibernate.engine.transaction.jta.platform.internal.NoJtaPlatform]
2025-02-17 23:37:03.024  INFO 69580 --- [    Test worker] j.LocalContainerEntityManagerFactoryBean : Initialized JPA EntityManagerFactory for persistence unit 'default'
2025-02-17 23:37:03.304  WARN 69580 --- [    Test worker] JpaBaseConfiguration$JpaWebConfiguration : spring.jpa.open-in-view is enabled by default. Therefore, database queries may be performed during view rendering. Explicitly configure spring.jpa.open-in-view to disable this warning
2025-02-17 23:37:03.499  INFO 69580 --- [    Test worker] o.s.b.a.h2.H2ConsoleAutoConfiguration    : H2 console available at '/h2-console'. Database available at 'jdbc:h2:mem:testdb'
2025-02-17 23:37:03.772  INFO 69580 --- [    Test worker] o.s.b.t.m.w.SpringBootMockServletContext : Initializing Spring TestDispatcherServlet ''
2025-02-17 23:37:03.772  INFO 69580 --- [    Test worker] o.s.t.web.servlet.TestDispatcherServlet  : Initializing Servlet ''
2025-02-17 23:37:03.777  INFO 69580 --- [    Test worker] o.s.b.a.e.web.EndpointLinksResolver      : Exposing 13 endpoint(s) beneath base path '/actuator'
2025-02-17 23:37:03.789  INFO 69580 --- [    Test worker] o.s.t.web.servlet.TestDispatcherServlet  : Completed initialization in 17 ms
2025-02-17 23:37:03.807  INFO 69580 --- [    Test worker] c.e.ThemeParkRideGradleApplicationTests  : Started ThemeParkRideGradleApplicationTests in 2.118 seconds (JVM running for 2.617)
]]></system-out>
  <system-err><![CDATA[]]></system-err>
</testsuite>
